# JRE version: Java(TM) SE Runtime Environment (8.0_65-b17) (build 1.8.0_65-b17)
# Java VM: Java HotSpot(TM) 64-Bit Server VM (25.65-b01 mixed mode windows-amd64 compressed oops)
Heap:
 PSYoungGen      total 524800K, used 50632K [0x00000000d5c00000, 0x00000000f8b80000, 0x0000000100000000)
  eden space 506368K, 6% used [0x00000000d5c00000,0x00000000d7bdc548,0x00000000f4a80000)
  from space 18432K, 97% used [0x00000000f7980000,0x00000000f8b15e80,0x00000000f8b80000)
  to   space 30720K, 0% used [0x00000000f4f80000,0x00000000f4f80000,0x00000000f6d80000)
 ParOldGen       total 124416K, used 37852K [0x0000000081400000, 0x0000000088d80000, 0x00000000d5c00000)
  object space 124416K, 30% used [0x0000000081400000,0x00000000838f7058,0x0000000088d80000)
 Metaspace       used 53911K, capacity 55078K, committed 55296K, reserved 1097728K
  class space    used 6569K, capacity 6852K, committed 6912K, reserved 1048576K
GC Heap History (10 events):
Event: 5.311 GC heap before
{Heap before GC invocations=8 (full 1):
 PSYoungGen      total 282624K, used 266240K [0x00000000d5c00000, 0x00000000e8000000, 0x0000000100000000)
  eden space 266240K, 100% used [0x00000000d5c00000,0x00000000e6000000,0x00000000e6000000)
  from space 16384K, 0% used [0x00000000e7000000,0x00000000e7000000,0x00000000e8000000)
  to   space 16384K, 0% used [0x00000000e6000000,0x00000000e6000000,0x00000000e7000000)
 ParOldGen       total 83456K, used 24413K [0x0000000081400000, 0x0000000086580000, 0x00000000d5c00000)
  object space 83456K, 29% used [0x0000000081400000,0x0000000082bd7798,0x0000000086580000)
 Metaspace       used 30716K, capacity 31394K, committed 31616K, reserved 1077248K
  class space    used 3684K, capacity 3875K, committed 3968K, reserved 1048576K
Event: 5.353 GC heap after
Heap after GC invocations=8 (full 1):
 PSYoungGen      total 282624K, used 16364K [0x00000000d5c00000, 0x00000000f1f00000, 0x0000000100000000)
  eden space 266240K, 0% used [0x00000000d5c00000,0x00000000d5c00000,0x00000000e6000000)
  from space 16384K, 99% used [0x00000000e6000000,0x00000000e6ffb088,0x00000000e7000000)
  to   space 27136K, 0% used [0x00000000f0480000,0x00000000f0480000,0x00000000f1f00000)
 ParOldGen       total 83456K, used 39485K [0x0000000081400000, 0x0000000086580000, 0x00000000d5c00000)
  object space 83456K, 47% used [0x0000000081400000,0x0000000083a8f480,0x0000000086580000)
 Metaspace       used 30716K, capacity 31394K, committed 31616K, reserved 1077248K
  class space    used 3684K, capacity 3875K, committed 3968K, reserved 1048576K
}
Event: 5.568 GC heap before
{Heap before GC invocations=9 (full 1):
 PSYoungGen      total 282624K, used 56867K [0x00000000d5c00000, 0x00000000f1f00000, 0x0000000100000000)
  eden space 266240K, 15% used [0x00000000d5c00000,0x00000000d838dd58,0x00000000e6000000)
  from space 16384K, 99% used [0x00000000e6000000,0x00000000e6ffb088,0x00000000e7000000)
  to   space 27136K, 0% used [0x00000000f0480000,0x00000000f0480000,0x00000000f1f00000)
 ParOldGen       total 83456K, used 39485K [0x0000000081400000, 0x0000000086580000, 0x00000000d5c00000)
  object space 83456K, 47% used [0x0000000081400000,0x0000000083a8f480,0x0000000086580000)
 Metaspace       used 34597K, capacity 35314K, committed 35456K, reserved 1081344K
  class space    used 4191K, capacity 4415K, committed 4480K, reserved 1048576K
Event: 5.597 GC heap after
Heap after GC invocations=9 (full 1):
 PSYoungGen      total 432128K, used 20942K [0x00000000d5c00000, 0x00000000f4d80000, 0x0000000100000000)
  eden space 404992K, 0% used [0x00000000d5c00000,0x00000000d5c00000,0x00000000ee780000)
  from space 27136K, 77% used [0x00000000f0480000,0x00000000f18f3908,0x00000000f1f00000)
  to   space 29696K, 0% used [0x00000000ee780000,0x00000000ee780000,0x00000000f0480000)
 ParOldGen       total 83456K, used 39557K [0x0000000081400000, 0x0000000086580000, 0x00000000d5c00000)
  object space 83456K, 47% used [0x0000000081400000,0x0000000083aa1490,0x0000000086580000)
 Metaspace       used 34597K, capacity 35314K, committed 35456K, reserved 1081344K
  class space    used 4191K, capacity 4415K, committed 4480K, reserved 1048576K
}
Event: 5.597 GC heap before
{Heap before GC invocations=10 (full 2):
 PSYoungGen      total 432128K, used 20942K [0x00000000d5c00000, 0x00000000f4d80000, 0x0000000100000000)
  eden space 404992K, 0% used [0x00000000d5c00000,0x00000000d5c00000,0x00000000ee780000)
  from space 27136K, 77% used [0x00000000f0480000,0x00000000f18f3908,0x00000000f1f00000)
  to   space 29696K, 0% used [0x00000000ee780000,0x00000000ee780000,0x00000000f0480000)
 ParOldGen       total 83456K, used 39557K [0x0000000081400000, 0x0000000086580000, 0x00000000d5c00000)
  object space 83456K, 47% used [0x0000000081400000,0x0000000083aa1490,0x0000000086580000)
 Metaspace       used 34597K, capacity 35314K, committed 35456K, reserved 1081344K
  class space    used 4191K, capacity 4415K, committed 4480K, reserved 1048576K
Event: 5.717 GC heap after
Heap after GC invocations=10 (full 2):
 PSYoungGen      total 432128K, used 0K [0x00000000d5c00000, 0x00000000f4d80000, 0x0000000100000000)
  eden space 404992K, 0% used [0x00000000d5c00000,0x00000000d5c00000,0x00000000ee780000)
  from space 27136K, 0% used [0x00000000f0480000,0x00000000f0480000,0x00000000f1f00000)
  to   space 29696K, 0% used [0x00000000ee780000,0x00000000ee780000,0x00000000f0480000)
 ParOldGen       total 124416K, used 37828K [0x0000000081400000, 0x0000000088d80000, 0x00000000d5c00000)
  object space 124416K, 30% used [0x0000000081400000,0x00000000838f1058,0x0000000088d80000)
 Metaspace       used 34597K, capacity 35314K, committed 35456K, reserved 1081344K
  class space    used 4191K, capacity 4415K, committed 4480K, reserved 1048576K
}
Event: 7.850 GC heap before
{Heap before GC invocations=11 (full 2):
 PSYoungGen      total 432128K, used 404992K [0x00000000d5c00000, 0x00000000f4d80000, 0x0000000100000000)
  eden space 404992K, 100% used [0x00000000d5c00000,0x00000000ee780000,0x00000000ee780000)
  from space 27136K, 0% used [0x00000000f0480000,0x00000000f0480000,0x00000000f1f00000)
  to   space 29696K, 0% used [0x00000000ee780000,0x00000000ee780000,0x00000000f0480000)
 ParOldGen       total 124416K, used 37828K [0x0000000081400000, 0x0000000088d80000, 0x00000000d5c00000)
  object space 124416K, 30% used [0x0000000081400000,0x00000000838f1058,0x0000000088d80000)
 Metaspace       used 46316K, capacity 47214K, committed 47744K, reserved 1091584K
  class space    used 5648K, capacity 5896K, committed 6016K, reserved 1048576K
Event: 7.868 GC heap after
Heap after GC invocations=11 (full 2):
 PSYoungGen      total 434688K, used 19525K [0x00000000d5c00000, 0x00000000f9780000, 0x0000000100000000)
  eden space 404992K, 0% used [0x00000000d5c00000,0x00000000d5c00000,0x00000000ee780000)
  from space 29696K, 65% used [0x00000000ee780000,0x00000000efa914c0,0x00000000f0480000)
  to   space 30720K, 0% used [0x00000000f7980000,0x00000000f7980000,0x00000000f9780000)
 ParOldGen       total 124416K, used 37836K [0x0000000081400000, 0x0000000088d80000, 0x00000000d5c00000)
  object space 124416K, 30% used [0x0000000081400000,0x00000000838f3058,0x0000000088d80000)
 Metaspace       used 46316K, capacity 47214K, committed 47744K, reserved 1091584K
  class space    used 5648K, capacity 5896K, committed 6016K, reserved 1048576K
}
Event: 76.351 GC heap before
{Heap before GC invocations=12 (full 2):
 PSYoungGen      total 434688K, used 424517K [0x00000000d5c00000, 0x00000000f9780000, 0x0000000100000000)
  eden space 404992K, 100% used [0x00000000d5c00000,0x00000000ee780000,0x00000000ee780000)
  from space 29696K, 65% used [0x00000000ee780000,0x00000000efa914c0,0x00000000f0480000)
  to   space 30720K, 0% used [0x00000000f7980000,0x00000000f7980000,0x00000000f9780000)
 ParOldGen       total 124416K, used 37836K [0x0000000081400000, 0x0000000088d80000, 0x00000000d5c00000)
  object space 124416K, 30% used [0x0000000081400000,0x00000000838f3058,0x0000000088d80000)
 Metaspace       used 53873K, capacity 55014K, committed 55296K, reserved 1097728K
  class space    used 6567K, capacity 6852K, committed 6912K, reserved 1048576K
Event: 76.366 GC heap after
Heap after GC invocations=12 (full 2):
 PSYoungGen      total 524800K, used 18007K [0x00000000d5c00000, 0x00000000f8b80000, 0x0000000100000000)
  eden space 506368K, 0% used [0x00000000d5c00000,0x00000000d5c00000,0x00000000f4a80000)
  from space 18432K, 97% used [0x00000000f7980000,0x00000000f8b15e80,0x00000000f8b80000)
  to   space 30720K, 0% used [0x00000000f4f80000,0x00000000f4f80000,0x00000000f6d80000)
 ParOldGen       total 124416K, used 37852K [0x0000000081400000, 0x0000000088d80000, 0x00000000d5c00000)
  object space 124416K, 30% used [0x0000000081400000,0x00000000838f7058,0x0000000088d80000)
 Metaspace       used 53873K, capacity 55014K, committed 55296K, reserved 1097728K
  class space    used 6567K, capacity 6852K, committed 6912K, reserved 1048576K
}

